2019-08-19T19:24:26.626Z - info: [ImportOrganizer] Starting up ImportOrganizer.
2019-09-08T17:40:47.119Z - info: [ImportOrganizer] Starting up ImportOrganizer.
2019-09-15T23:20:19.622Z - info: [ImportOrganizer] Stopping ImportOrganizer.
{"error":{"errno":"ECONNRESET","code":"ECONNRESET","syscall":"read"},"level":"error","message":"uncaughtException: read ECONNRESET\nError: read ECONNRESET\n\tat Pipe.onStreamRead (internal/stream_base_commons.js:111:27)","stack":"Error: read ECONNRESET\n\tat Pipe.onStreamRead (internal/stream_base_commons.js:111:27)","exception":true,"date":"Mon Sep 16 2019 00:20:19 GMT+0100 (British Summer Time)","process":{"pid":10525,"uid":1000,"gid":1000,"cwd":"/home/fola/src/test","execPath":"/opt/visual-studio-code/code","version":"v10.11.0","argv":["/opt/visual-studio-code/code","/opt/visual-studio-code/resources/app/out/bootstrap-fork","--type=extensionHost"],"memoryUsage":{"rss":211247104,"heapTotal":101961728,"heapUsed":88493480,"external":345750}},"os":{"loadavg":[2.3916015625,2.310546875,2.17626953125],"uptime":789188},"trace":[{"column":27,"file":"internal/stream_base_commons.js","function":"Pipe.onStreamRead","line":111,"method":"onStreamRead","native":false}]}
2019-09-15T23:20:19.736Z - error: uncaughtException: read ECONNRESET
Error: read ECONNRESET
	at Pipe.onStreamRead (internal/stream_base_commons.js:111:27) {"error":{"errno":"ECONNRESET","code":"ECONNRESET","syscall":"read"},"stack":"Error: read ECONNRESET\n\tat Pipe.onStreamRead (internal/stream_base_commons.js:111:27)","exception":true,"date":"Mon Sep 16 2019 00:20:19 GMT+0100 (British Summer Time)","process":{"pid":10525,"uid":1000,"gid":1000,"cwd":"/home/fola/src/test","execPath":"/opt/visual-studio-code/code","version":"v10.11.0","argv":["/opt/visual-studio-code/code","/opt/visual-studio-code/resources/app/out/bootstrap-fork","--type=extensionHost"],"memoryUsage":{"rss":211247104,"heapTotal":101961728,"heapUsed":88530120,"external":345750}},"os":{"loadavg":[2.3916015625,2.310546875,2.17626953125],"uptime":789188},"trace":[{"column":27,"file":"internal/stream_base_commons.js","function":"Pipe.onStreamRead","line":111,"method":"onStreamRead","native":false}]}
2019-09-24T14:10:37.848Z - info: [ImportOrganizer] Starting up ImportOrganizer.
2019-09-26T23:52:18.864Z - info: [ImportOrganizer] Stopping ImportOrganizer.
{"error":{"errno":"ECONNRESET","code":"ECONNRESET","syscall":"read"},"level":"error","message":"uncaughtException: read ECONNRESET\nError: read ECONNRESET\n\tat Pipe.onStreamRead (internal/stream_base_commons.js:111:27)","stack":"Error: read ECONNRESET\n\tat Pipe.onStreamRead (internal/stream_base_commons.js:111:27)","exception":true,"date":"Fri Sep 27 2019 00:52:18 GMT+0100 (British Summer Time)","process":{"pid":10388,"uid":1000,"gid":1000,"cwd":"/home/fola","execPath":"/opt/visual-studio-code/code","version":"v10.11.0","argv":["/opt/visual-studio-code/code","/opt/visual-studio-code/resources/app/out/bootstrap-fork","--type=extensionHost"],"memoryUsage":{"rss":240939008,"heapTotal":150241280,"heapUsed":112733208,"external":19793794}},"os":{"loadavg":[3.6025390625,1.8291015625,1.63720703125],"uptime":395830},"trace":[{"column":27,"file":"internal/stream_base_commons.js","function":"Pipe.onStreamRead","line":111,"method":"onStreamRead","native":false}]}
2019-09-26T23:52:18.904Z - error: uncaughtException: read ECONNRESET
Error: read ECONNRESET
	at Pipe.onStreamRead (internal/stream_base_commons.js:111:27) {"error":{"errno":"ECONNRESET","code":"ECONNRESET","syscall":"read"},"stack":"Error: read ECONNRESET\n\tat Pipe.onStreamRead (internal/stream_base_commons.js:111:27)","exception":true,"date":"Fri Sep 27 2019 00:52:18 GMT+0100 (British Summer Time)","process":{"pid":10388,"uid":1000,"gid":1000,"cwd":"/home/fola","execPath":"/opt/visual-studio-code/code","version":"v10.11.0","argv":["/opt/visual-studio-code/code","/opt/visual-studio-code/resources/app/out/bootstrap-fork","--type=extensionHost"],"memoryUsage":{"rss":240939008,"heapTotal":150241280,"heapUsed":112769312,"external":19793794}},"os":{"loadavg":[3.6025390625,1.8291015625,1.63720703125],"uptime":395830},"trace":[{"column":27,"file":"internal/stream_base_commons.js","function":"Pipe.onStreamRead","line":111,"method":"onStreamRead","native":false}]}
2019-09-30T11:45:58.488Z - info: [ImportOrganizer] Starting up ImportOrganizer.
2019-09-30T12:20:10.708Z - info: [ImportOrganizer] Stopping ImportOrganizer.
2019-10-15T18:23:59.117Z - info: [ImportOrganizer] Starting up ImportOrganizer.
2019-10-15T19:18:32.756Z - info: [ImportOrganizer] Stopping ImportOrganizer.
2019-10-17T16:11:55.637Z - info: [ImportOrganizer] Starting up ImportOrganizer.
2019-11-15T15:10:48.875Z - info: [ImportOrganizer] Starting up ImportOrganizer.
{"error":"abort(Error: src/year2-cw/CM20217/CW2 [in jdt.ls-java-project] is not on its project's build path). Build with -s ASSERTIONS=1 for more info.","level":"error","message":"uncaughtException: abort(Error: src/year2-cw/CM20217/CW2 [in jdt.ls-java-project] is not on its project's build path). Build with -s ASSERTIONS=1 for more info.\n  No stack trace","exception":true,"date":"Fri Nov 15 2019 15:11:19 GMT+0000 (Greenwich Mean Time)","process":{"pid":4308,"uid":1000,"gid":1000,"cwd":"/home/fola","execPath":"/opt/visual-studio-code/code","version":"v10.11.0","argv":["/opt/visual-studio-code/code","/opt/visual-studio-code/resources/app/out/bootstrap-fork","--type=extensionHost"],"memoryUsage":{"rss":212320256,"heapTotal":95457280,"heapUsed":88101088,"external":68978508}},"os":{"loadavg":[1.169921875,0.8623046875,0.5166015625],"uptime":746},"trace":[]}
2019-11-15T15:11:23.682Z - info: [ImportOrganizer] Starting up ImportOrganizer.
2019-11-22T20:27:07.573Z - info: [ImportOrganizer] Starting up ImportOrganizer.
2019-11-23T02:41:34.738Z - info: [ImportOrganizer] Stopping ImportOrganizer.
{"error":{"errno":"ECONNRESET","code":"ECONNRESET","syscall":"read"},"level":"error","message":"uncaughtException: read ECONNRESET\nError: read ECONNRESET\n\tat Pipe.onStreamRead (internal/stream_base_commons.js:111:27)","stack":"Error: read ECONNRESET\n\tat Pipe.onStreamRead (internal/stream_base_commons.js:111:27)","exception":true,"date":"Sat Nov 23 2019 02:41:34 GMT+0000 (Greenwich Mean Time)","process":{"pid":6053,"uid":1000,"gid":1000,"cwd":"/home/fola/src/manjaro-dotfiles","execPath":"/opt/visual-studio-code/code","version":"v10.11.0","argv":["/opt/visual-studio-code/code","/opt/visual-studio-code/resources/app/out/bootstrap-fork","--type=extensionHost"],"memoryUsage":{"rss":218902528,"heapTotal":105791488,"heapUsed":85181880,"external":527933}},"os":{"loadavg":[1.3544921875,0.9541015625,0.7294921875],"uptime":23341},"trace":[{"column":27,"file":"internal/stream_base_commons.js","function":"Pipe.onStreamRead","line":111,"method":"onStreamRead","native":false}]}
2019-11-23T02:41:34.747Z - error: uncaughtException: read ECONNRESET
Error: read ECONNRESET
	at Pipe.onStreamRead (internal/stream_base_commons.js:111:27) {"error":{"errno":"ECONNRESET","code":"ECONNRESET","syscall":"read"},"stack":"Error: read ECONNRESET\n\tat Pipe.onStreamRead (internal/stream_base_commons.js:111:27)","exception":true,"date":"Sat Nov 23 2019 02:41:34 GMT+0000 (Greenwich Mean Time)","process":{"pid":6053,"uid":1000,"gid":1000,"cwd":"/home/fola/src/manjaro-dotfiles","execPath":"/opt/visual-studio-code/code","version":"v10.11.0","argv":["/opt/visual-studio-code/code","/opt/visual-studio-code/resources/app/out/bootstrap-fork","--type=extensionHost"],"memoryUsage":{"rss":218918912,"heapTotal":105791488,"heapUsed":85229304,"external":527933}},"os":{"loadavg":[1.3544921875,0.9541015625,0.7294921875],"uptime":23341},"trace":[{"column":27,"file":"internal/stream_base_commons.js","function":"Pipe.onStreamRead","line":111,"method":"onStreamRead","native":false}]}
2019-11-23T02:42:59.002Z - info: [ImportOrganizer] Starting up ImportOrganizer.
2019-11-23T02:54:27.461Z - info: [ImportOrganizer] Stopping ImportOrganizer.
2019-12-05T13:28:59.892Z - info: [ImportOrganizer] Starting up ImportOrganizer.
2019-12-05T13:39:50.533Z - info: [ImportOrganizer] Stopping ImportOrganizer.
{"error":{"errno":"ECONNRESET","code":"ECONNRESET","syscall":"read"},"level":"error","message":"uncaughtException: read ECONNRESET\nError: read ECONNRESET\n\tat Pipe.onStreamRead (internal/stream_base_commons.js:183:27)","stack":"Error: read ECONNRESET\n\tat Pipe.onStreamRead (internal/stream_base_commons.js:183:27)","exception":true,"date":"Thu Dec 05 2019 13:39:50 GMT+0000 (Greenwich Mean Time)","process":{"pid":2128,"uid":1000,"gid":1002,"cwd":"/home/fola/src/year2-cw/CM20217/CW3","execPath":"/opt/visual-studio-code/code","version":"v12.4.0","argv":["/opt/visual-studio-code/code","/opt/visual-studio-code/resources/app/out/bootstrap-fork","--type=extensionHost"],"memoryUsage":{"rss":195985408,"heapTotal":87695360,"heapUsed":80137112,"external":1951353}},"os":{"loadavg":[0.60986328125,0.55712890625,0.34375],"uptime":907},"trace":[{"column":27,"file":"internal/stream_base_commons.js","function":"Pipe.onStreamRead","line":183,"method":"onStreamRead","native":false}]}
2019-12-05T13:39:50.545Z - error: uncaughtException: read ECONNRESET
Error: read ECONNRESET
	at Pipe.onStreamRead (internal/stream_base_commons.js:183:27) {"error":{"errno":"ECONNRESET","code":"ECONNRESET","syscall":"read"},"stack":"Error: read ECONNRESET\n\tat Pipe.onStreamRead (internal/stream_base_commons.js:183:27)","exception":true,"date":"Thu Dec 05 2019 13:39:50 GMT+0000 (Greenwich Mean Time)","process":{"pid":2128,"uid":1000,"gid":1002,"cwd":"/home/fola/src/year2-cw/CM20217/CW3","execPath":"/opt/visual-studio-code/code","version":"v12.4.0","argv":["/opt/visual-studio-code/code","/opt/visual-studio-code/resources/app/out/bootstrap-fork","--type=extensionHost"],"memoryUsage":{"rss":195993600,"heapTotal":87695360,"heapUsed":80187960,"external":1951353}},"os":{"loadavg":[0.60986328125,0.55712890625,0.34375],"uptime":907},"trace":[{"column":27,"file":"internal/stream_base_commons.js","function":"Pipe.onStreamRead","line":183,"method":"onStreamRead","native":false}]}
2019-12-15T02:44:08.994Z - info: [ImportOrganizer] Starting up ImportOrganizer.
2019-12-15T02:44:16.735Z - info: [ImportOrganizer] Stopping ImportOrganizer.
{"error":{"errno":"ECONNRESET","code":"ECONNRESET","syscall":"read"},"level":"error","message":"uncaughtException: read ECONNRESET\nError: read ECONNRESET\n\tat Pipe.onStreamRead (internal/stream_base_commons.js:183:27)","stack":"Error: read ECONNRESET\n\tat Pipe.onStreamRead (internal/stream_base_commons.js:183:27)","exception":true,"date":"Sun Dec 15 2019 02:44:16 GMT+0000 (Greenwich Mean Time)","process":{"pid":8307,"uid":1000,"gid":1000,"cwd":"/home/fola","execPath":"/opt/visual-studio-code/code","version":"v12.4.0","argv":["/opt/visual-studio-code/code","/opt/visual-studio-code/resources/app/out/bootstrap-fork","--type=extensionHost"],"memoryUsage":{"rss":195584000,"heapTotal":120360960,"heapUsed":99413184,"external":6033520}},"os":{"loadavg":[0.603515625,0.54541015625,0.29833984375],"uptime":493},"trace":[{"column":27,"file":"internal/stream_base_commons.js","function":"Pipe.onStreamRead","line":183,"method":"onStreamRead","native":false}]}
2019-12-15T02:44:16.746Z - error: uncaughtException: read ECONNRESET
Error: read ECONNRESET
	at Pipe.onStreamRead (internal/stream_base_commons.js:183:27) {"error":{"errno":"ECONNRESET","code":"ECONNRESET","syscall":"read"},"stack":"Error: read ECONNRESET\n\tat Pipe.onStreamRead (internal/stream_base_commons.js:183:27)","exception":true,"date":"Sun Dec 15 2019 02:44:16 GMT+0000 (Greenwich Mean Time)","process":{"pid":8307,"uid":1000,"gid":1000,"cwd":"/home/fola","execPath":"/opt/visual-studio-code/code","version":"v12.4.0","argv":["/opt/visual-studio-code/code","/opt/visual-studio-code/resources/app/out/bootstrap-fork","--type=extensionHost"],"memoryUsage":{"rss":196079616,"heapTotal":120360960,"heapUsed":99459152,"external":6033520}},"os":{"loadavg":[0.603515625,0.54541015625,0.29833984375],"uptime":493},"trace":[{"column":27,"file":"internal/stream_base_commons.js","function":"Pipe.onStreamRead","line":183,"method":"onStreamRead","native":false}]}
2019-12-22T01:02:10.291Z - info: [ImportOrganizer] Starting up ImportOrganizer.
2019-12-22T01:06:05.731Z - info: [ImportOrganizer] Stopping ImportOrganizer.
